<?xml version="1.0" encoding="UTF-8"?>
<!-- Generated by org.testng.reporters.JUnitXMLReporter -->
<testsuite ignored="1" hostname="KCSLAP5103" failures="0" tests="1" name="Default test" time="4.514" errors="0" timestamp="2022-09-26T15:22:08 IST">
  <testcase classname="org.test.InxeptionEstimatedHours.TestSearchDataByDataSource" name="testGetPerson" time="3.511"/>
  <testcase classname="org.test.InxeptionEstimatedHours.TestSearchDataByDataSource" name="getDtata" time="0.0">
    <ignored/>
  </testcase> <!-- getDtata -->
</testsuite> <!-- Default test -->
