<?xml version="1.0" encoding="UTF-8"?>
<testng-results ignored="1" total="2" passed="1" failed="0" skipped="0">
  <reporter-output>
  </reporter-output>
  <suite started-at="2022-09-26T15:22:03 IST" name="Default suite" finished-at="2022-09-26T15:22:08 IST" duration-ms="4514">
    <groups>
    </groups>
    <test started-at="2022-09-26T15:22:03 IST" name="Default test" finished-at="2022-09-26T15:22:08 IST" duration-ms="4514">
      <class name="org.test.InxeptionEstimatedHours.TestSearchDataByDataSource">
        <test-method is-config="true" signature="init()[pri:0, instance:org.test.InxeptionEstimatedHours.TestSearchDataByDataSource@78aa1f72]" started-at="2022-09-26T15:22:03 IST" name="init" finished-at="2022-09-26T15:22:04 IST" duration-ms="872" status="PASS">
          <reporter-output>
          </reporter-output>
        </test-method> <!-- init -->
        <test-method signature="testGetPerson()[pri:0, instance:org.test.InxeptionEstimatedHours.TestSearchDataByDataSource@78aa1f72]" started-at="2022-09-26T15:22:04 IST" name="testGetPerson" finished-at="2022-09-26T15:22:08 IST" duration-ms="3511" status="PASS">
          <reporter-output>
          </reporter-output>
        </test-method> <!-- testGetPerson -->
      </class> <!-- org.test.InxeptionEstimatedHours.TestSearchDataByDataSource -->
    </test> <!-- Default test -->
  </suite> <!-- Default suite -->
</testng-results>
